<?xml version="1.0" encoding="UTF-8"?>
<!-- Generated by org.testng.reporters.JUnitReportReporter -->
<testsuite hostname="DESKTOP-PFU19TI" failures="0" tests="1" name="ecommerce.Amazon" time="7.556" errors="0" timestamp="2023-07-25T15:03:10 IST" skipped="0">
  <testcase classname="ecommerce.Amazon" name="amazonTest" time="7.556"/>
  <system-out/>
</testsuite> <!-- ecommerce.Amazon -->
